<?xml version="1.0" encoding="UTF-8"?>
<!-- Generated by org.testng.reporters.JUnitReportReporter -->
<testsuite hostname="LAPTOP-C59JJODQ" failures="0" tests="1" name="dockerDemo.DockerEdge" time="179.373" errors="0" timestamp="2024-08-29T17:03:41 IST" skipped="0">
  <testcase classname="dockerDemo.DockerEdge" name="Test" time="179.373"/>
</testsuite> <!-- dockerDemo.DockerEdge -->
