<?xml version="1.0" encoding="UTF-8"?>
<!-- Generated by org.testng.reporters.JUnitReportReporter -->
<testsuite hostname="LAPTOP-C59JJODQ" failures="0" tests="1" name="dockerDemo.DockerChrome" time="10.665" errors="0" timestamp="2024-08-29T17:03:41 IST" skipped="0">
  <testcase classname="dockerDemo.DockerChrome" name="Test" time="10.665"/>
</testsuite> <!-- dockerDemo.DockerChrome -->
